# JRE version: OpenJDK Runtime Environment (11.0.12+7) (build 11.0.12+7-b1504.28-7817840)
# Java VM: OpenJDK 64-Bit Server VM (11.0.12+7-b1504.28-7817840, mixed mode, tiered, compressed oops, g1 gc, windows-amd64)
Heap:
 garbage-first heap   total 274432K, used 213576K [0x0000000080000000, 0x0000000100000000)
  region size 1024K, 54 young (55296K), 5 survivors (5120K)
 Metaspace       used 139885K, capacity 144150K, committed 144384K, reserved 1175552K
  class space    used 17074K, capacity 18646K, committed 18688K, reserved 1048576K
GC Heap History (20 events):
Event: 6149.849 GC heap before
{Heap before GC invocations=175 (full 0):
 garbage-first heap   total 274432K, used 195663K [0x0000000080000000, 0x0000000100000000)
  region size 1024K, 61 young (62464K), 2 survivors (2048K)
 Metaspace       used 139300K, capacity 143628K, committed 143872K, reserved 1175552K
  class space    used 17071K, capacity 18642K, committed 18688K, reserved 1048576K
}
Event: 6149.872 GC heap after
{Heap after GC invocations=176 (full 0):
 garbage-first heap   total 274432K, used 142170K [0x0000000080000000, 0x0000000100000000)
  region size 1024K, 7 young (7168K), 7 survivors (7168K)
 Metaspace       used 139300K, capacity 143628K, committed 143872K, reserved 1175552K
  class space    used 17071K, capacity 18642K, committed 18688K, reserved 1048576K
}
Event: 6152.864 GC heap before
{Heap before GC invocations=177 (full 0):
 garbage-first heap   total 274432K, used 202586K [0x0000000080000000, 0x0000000100000000)
  region size 1024K, 67 young (68608K), 7 survivors (7168K)
 Metaspace       used 139347K, capacity 143630K, committed 143872K, reserved 1175552K
  class space    used 17071K, capacity 18642K, committed 18688K, reserved 1048576K
}
Event: 6152.904 GC heap after
{Heap after GC invocations=178 (full 0):
 garbage-first heap   total 274432K, used 150711K [0x0000000080000000, 0x0000000100000000)
  region size 1024K, 9 young (9216K), 9 survivors (9216K)
 Metaspace       used 139347K, capacity 143630K, committed 143872K, reserved 1175552K
  class space    used 17071K, capacity 18642K, committed 18688K, reserved 1048576K
}
Event: 6152.918 GC heap before
{Heap before GC invocations=178 (full 0):
 garbage-first heap   total 274432K, used 153783K [0x0000000080000000, 0x0000000100000000)
  region size 1024K, 13 young (13312K), 9 survivors (9216K)
 Metaspace       used 139348K, capacity 143630K, committed 143872K, reserved 1175552K
  class space    used 17071K, capacity 18642K, committed 18688K, reserved 1048576K
}
Event: 6152.946 GC heap after
{Heap after GC invocations=179 (full 0):
 garbage-first heap   total 274432K, used 150132K [0x0000000080000000, 0x0000000100000000)
  region size 1024K, 2 young (2048K), 2 survivors (2048K)
 Metaspace       used 139348K, capacity 143630K, committed 143872K, reserved 1175552K
  class space    used 17071K, capacity 18642K, committed 18688K, reserved 1048576K
}
Event: 6153.584 GC heap before
{Heap before GC invocations=179 (full 0):
 garbage-first heap   total 274432K, used 191092K [0x0000000080000000, 0x0000000100000000)
  region size 1024K, 44 young (45056K), 2 survivors (2048K)
 Metaspace       used 139402K, capacity 143634K, committed 143872K, reserved 1175552K
  class space    used 17071K, capacity 18642K, committed 18688K, reserved 1048576K
}
Event: 6153.602 GC heap after
{Heap after GC invocations=180 (full 0):
 garbage-first heap   total 274432K, used 151811K [0x0000000080000000, 0x0000000100000000)
  region size 1024K, 3 young (3072K), 3 survivors (3072K)
 Metaspace       used 139402K, capacity 143634K, committed 143872K, reserved 1175552K
  class space    used 17071K, capacity 18642K, committed 18688K, reserved 1048576K
}
Event: 6155.866 GC heap before
{Heap before GC invocations=181 (full 0):
 garbage-first heap   total 274432K, used 214016K [0x0000000080000000, 0x0000000100000000)
  region size 1024K, 63 young (64512K), 3 survivors (3072K)
 Metaspace       used 139602K, capacity 143832K, committed 144128K, reserved 1175552K
  class space    used 17072K, capacity 18643K, committed 18688K, reserved 1048576K
}
Event: 6155.873 GC heap after
{Heap after GC invocations=182 (full 0):
 garbage-first heap   total 274432K, used 152426K [0x0000000080000000, 0x0000000100000000)
  region size 1024K, 3 young (3072K), 3 survivors (3072K)
 Metaspace       used 139602K, capacity 143832K, committed 144128K, reserved 1175552K
  class space    used 17072K, capacity 18643K, committed 18688K, reserved 1048576K
}
Event: 6156.034 GC heap before
{Heap before GC invocations=182 (full 0):
 garbage-first heap   total 274432K, used 165738K [0x0000000080000000, 0x0000000100000000)
  region size 1024K, 13 young (13312K), 3 survivors (3072K)
 Metaspace       used 139622K, capacity 143904K, committed 144128K, reserved 1175552K
  class space    used 17072K, capacity 18644K, committed 18688K, reserved 1048576K
}
Event: 6156.044 GC heap after
{Heap after GC invocations=183 (full 0):
 garbage-first heap   total 274432K, used 141327K [0x0000000080000000, 0x0000000100000000)
  region size 1024K, 1 young (1024K), 1 survivors (1024K)
 Metaspace       used 139622K, capacity 143904K, committed 144128K, reserved 1175552K
  class space    used 17072K, capacity 18644K, committed 18688K, reserved 1048576K
}
Event: 6156.690 GC heap before
{Heap before GC invocations=183 (full 0):
 garbage-first heap   total 274432K, used 209935K [0x0000000080000000, 0x0000000100000000)
  region size 1024K, 69 young (70656K), 1 survivors (1024K)
 Metaspace       used 139667K, capacity 143977K, committed 144128K, reserved 1175552K
  class space    used 17073K, capacity 18645K, committed 18688K, reserved 1048576K
}
Event: 6156.762 GC heap after
{Heap after GC invocations=184 (full 0):
 garbage-first heap   total 274432K, used 149427K [0x0000000080000000, 0x0000000100000000)
  region size 1024K, 9 young (9216K), 9 survivors (9216K)
 Metaspace       used 139667K, capacity 143977K, committed 144128K, reserved 1175552K
  class space    used 17073K, capacity 18645K, committed 18688K, reserved 1048576K
}
Event: 6244.438 GC heap before
{Heap before GC invocations=185 (full 0):
 garbage-first heap   total 274432K, used 236467K [0x0000000080000000, 0x0000000100000000)
  region size 1024K, 74 young (75776K), 9 survivors (9216K)
 Metaspace       used 139815K, capacity 144081K, committed 144128K, reserved 1175552K
  class space    used 17074K, capacity 18646K, committed 18688K, reserved 1048576K
}
Event: 6244.446 GC heap after
{Heap after GC invocations=186 (full 0):
 garbage-first heap   total 274432K, used 143064K [0x0000000080000000, 0x0000000100000000)
  region size 1024K, 3 young (3072K), 3 survivors (3072K)
 Metaspace       used 139815K, capacity 144081K, committed 144128K, reserved 1175552K
  class space    used 17074K, capacity 18646K, committed 18688K, reserved 1048576K
}
Event: 6244.708 GC heap before
{Heap before GC invocations=186 (full 0):
 garbage-first heap   total 274432K, used 152280K [0x0000000080000000, 0x0000000100000000)
  region size 1024K, 13 young (13312K), 3 survivors (3072K)
 Metaspace       used 139818K, capacity 144081K, committed 144128K, reserved 1175552K
  class space    used 17074K, capacity 18646K, committed 18688K, reserved 1048576K
}
Event: 6244.717 GC heap after
{Heap after GC invocations=187 (full 0):
 garbage-first heap   total 274432K, used 142270K [0x0000000080000000, 0x0000000100000000)
  region size 1024K, 1 young (1024K), 1 survivors (1024K)
 Metaspace       used 139818K, capacity 144081K, committed 144128K, reserved 1175552K
  class space    used 17074K, capacity 18646K, committed 18688K, reserved 1048576K
}
Event: 6245.428 GC heap before
{Heap before GC invocations=187 (full 0):
 garbage-first heap   total 274432K, used 168894K [0x0000000080000000, 0x0000000100000000)
  region size 1024K, 28 young (28672K), 1 survivors (1024K)
 Metaspace       used 139868K, capacity 144147K, committed 144384K, reserved 1175552K
  class space    used 17074K, capacity 18646K, committed 18688K, reserved 1048576K
}
Event: 6245.452 GC heap after
{Heap after GC invocations=188 (full 0):
 garbage-first heap   total 274432K, used 145992K [0x0000000080000000, 0x0000000100000000)
  region size 1024K, 5 young (5120K), 5 survivors (5120K)
 Metaspace       used 139868K, capacity 144147K, committed 144384K, reserved 1175552K
  class space    used 17074K, capacity 18646K, committed 18688K, reserved 1048576K
}

